1656044075862:createAuthor
1656044104384:create Author
1656044129535:createAuthor
1656044192845:createAuthor()
1656044253868:createAuthor
1656044591489:create Author
1656045008821:createAuthor
1656045137877:create
1656048693362:createAuthor
1656048909320:help
1656048947887:create-author
1656049803921:help
1656049822493:create: Ivan
1656049853540:create:ivan
1656049887171:create Ivan
1656049965460:create ivan
1656057330530:create 2 ivan
1656057401504:create 2 van
1656222125587:create papsha
1656222193625:create pasha
1656310679394:read_authors
1656312330972:reade_authors
1656342297366:reade_books
1656343086187:stacktrace
1656344609262:reade_books
